<?xml version="1.0" encoding="UTF-8"?>
<testng-results skipped="0" failed="0" ignored="0" total="1" passed="1">
  <reporter-output>
  </reporter-output>
  <suite name="Suite" duration-ms="41012" started-at="2017-08-10T08:29:04Z" finished-at="2017-08-10T08:29:45Z">
    <groups>
    </groups>
    <test name="Test" duration-ms="41012" started-at="2017-08-10T08:29:04Z" finished-at="2017-08-10T08:29:45Z">
      <class name="com.test.Automation.uiAutomation.homePage.TC001_VerifyLoginWithInvalidDetails">
        <test-method status="PASS" signature="setUp()[pri:0, instance:com.test.Automation.uiAutomation.homePage.TC001_VerifyLoginWithInvalidDetails@4bec1f0c]" name="setUp" is-config="true" duration-ms="25010" started-at="2017-08-10T13:59:04Z" finished-at="2017-08-10T13:59:29Z">
          <reporter-output>
          </reporter-output>
        </test-method> <!-- setUp -->
        <test-method status="PASS" signature="verifyLoginWithInvalidDetails()[pri:0, instance:com.test.Automation.uiAutomation.homePage.TC001_VerifyLoginWithInvalidDetails@4bec1f0c]" name="verifyLoginWithInvalidDetails" duration-ms="15781" started-at="2017-08-10T13:59:29Z" finished-at="2017-08-10T13:59:44Z">
          <reporter-output>
          </reporter-output>
        </test-method> <!-- verifyLoginWithInvalidDetails -->
        <test-method status="PASS" signature="endTest()[pri:0, instance:com.test.Automation.uiAutomation.homePage.TC001_VerifyLoginWithInvalidDetails@4bec1f0c]" name="endTest" is-config="true" duration-ms="201" started-at="2017-08-10T13:59:44Z" finished-at="2017-08-10T13:59:45Z">
          <reporter-output>
          </reporter-output>
        </test-method> <!-- endTest -->
      </class> <!-- com.test.Automation.uiAutomation.homePage.TC001_VerifyLoginWithInvalidDetails -->
    </test> <!-- Test -->
  </suite> <!-- Suite -->
</testng-results>
